<testsuites name="All tests" tests="24" failures="10">
    <testsuite name="PepBlastAutomatedUITests.MakeRemixFeature" tests="1" failures="1">
        <testcase classname="PepBlastAutomatedUITests.MakeRemixFeature" name="testMakeMusicVideoOneClick">
            <failure message="/Users/devictor/Documents/GitHub/pepblast_ios_ui_tests/PepBlastAutomatedUITests/Pages/MakeRemixPage.swift:104 - failed - Could not load Photos/Clips Screen" />
        </testcase>
    </testsuite>
    <testsuite name="PepBlastAutomatedUITests.SendPhotosFeature" tests="1" failures="1">
        <testcase classname="PepBlastAutomatedUITests.SendPhotosFeature" name="testSendPhotoToMusicVideo">
            <failure message="/Users/devictor/Documents/GitHub/pepblast_ios_ui_tests/PepBlastAutomatedUITests/Pages/SendPhotosPage.swift:15 - XCTAssertTrue failed - No home send your photo displayed" />
        </testcase>
    </testsuite>
    <testsuite name="PepBlastAutomatedUITests.SignUpFeature" tests="1" failures="1">
        <testcase classname="PepBlastAutomatedUITests.SignUpFeature" name="testSignUpSuccess">
            <failure message="/Users/devictor/Documents/GitHub/pepblast_ios_ui_tests/PepBlastAutomatedUITests/Tests/LoginTest.swift:52 - XCTAssertTrue failed" />
        </testcase>
    </testsuite>
    <testsuite name="PepBlastAutomatedUITests.TabBarFeature" tests="1" failures="1">
        <testcase classname="PepBlastAutomatedUITests.TabBarFeature" name="testTapInDifferentButtonsInTabBar">
            <failure message="/Users/devictor/Documents/GitHub/pepblast_ios_ui_tests/PepBlastAutomatedUITests/Pages/TabBarPage.swift:42 - XCTAssertTrue failed - No notification title" />
        </testcase>
    </testsuite>
    <testsuite name="PepBlastAutomatedUITests.VerificationFeature" tests="1" failures="1">
        <testcase classname="PepBlastAutomatedUITests.VerificationFeature" name="testVerifyEachSubTabFilterOnSearchTab">
            <failure message="/Users/devictor/Documents/GitHub/pepblast_ios_ui_tests/PepBlastAutomatedUITests/Tests/VerificationTest.swift:28 - XCTAssertTrue failed - Search Screen was not found" />
        </testcase>
    </testsuite>
    <testsuite name="MakeRemixFeature" tests="1" failures="1">
        <testcase classname="MakeRemixFeature" name="testMakeMusicVideoOneClick">
            <failure message="Parallel test failed" />
        </testcase>
    </testsuite>
    <testsuite name="SendPhotosFeature" tests="1" failures="1">
        <testcase classname="SendPhotosFeature" name="testSendPhotoToMusicVideo">
            <failure message="Parallel test failed" />
        </testcase>
    </testsuite>
    <testsuite name="SignUpFeature" tests="1" failures="1">
        <testcase classname="SignUpFeature" name="testSignUpSuccess">
            <failure message="Parallel test failed" />
        </testcase>
    </testsuite>
    <testsuite name="TabBarFeature" tests="1" failures="1">
        <testcase classname="TabBarFeature" name="testTapInDifferentButtonsInTabBar">
            <failure message="Parallel test failed" />
        </testcase>
    </testsuite>
    <testsuite name="VerificationFeature" tests="1" failures="1">
        <testcase classname="VerificationFeature" name="testVerifyEachSubTabFilterOnSearchTab">
            <failure message="Parallel test failed" />
        </testcase>
    </testsuite>
</testsuites>